# JRE version: OpenJDK Runtime Environment Temurin-21.0.8+9 (21.0.8+9) (build 21.0.8+9-LTS)
# Java VM: OpenJDK 64-Bit Server VM Temurin-21.0.8+9 (21.0.8+9-LTS, mixed mode, sharing, tiered, compressed oops, compressed class ptrs, parallel gc, windows-amd64)
GC Precious Log:
 CardTable entry size: 512
 CPUs: 12 total, 12 available
 Memory: 16180M
 Large Page Support: Disabled
 NUMA Support: Disabled
 Compressed Oops: Enabled (32-bit)
 Alignments: Space 512K, Generation 512K, Heap 2M
 Heap Min Capacity: 100M
 Heap Initial Capacity: 100M
 Heap Max Capacity: 2G
 Pre-touch: Disabled
 Parallel Workers: 10
Heap:
 PSYoungGen      total 19968K, used 2602K [0x00000000d5580000, 0x00000000d6a00000, 0x0000000100000000)
  eden space 18944K, 10% used [0x00000000d5580000,0x00000000d575a830,0x00000000d6800000)
  from space 1024K, 68% used [0x00000000d6800000,0x00000000d68b0000,0x00000000d6900000)
  to   space 1024K, 0% used [0x00000000d6900000,0x00000000d6900000,0x00000000d6a00000)
 ParOldGen       total 68608K, used 32484K [0x0000000080000000, 0x0000000084300000, 0x00000000d5580000)
  object space 68608K, 47% used [0x0000000080000000,0x0000000081fb93a8,0x0000000084300000)
 Metaspace       used 42953K, committed 44032K, reserved 1114112K
  class space    used 4369K, committed 4864K, reserved 1048576K
GC Heap History (20 events):
Event: 3.824 GC heap before
{Heap before GC invocations=18 (full 1):
 PSYoungGen      total 22528K, used 12925K [0x00000000d5580000, 0x00000000d6e00000, 0x0000000100000000)
  eden space 19968K, 53% used [0x00000000d5580000,0x00000000d6001518,0x00000000d6900000)
  from space 2560K, 84% used [0x00000000d6b80000,0x00000000d6d9e200,0x00000000d6e00000)
  to   space 2560K, 0% used [0x00000000d6900000,0x00000000d6900000,0x00000000d6b80000)
 ParOldGen       total 68608K, used 27453K [0x0000000080000000, 0x0000000084300000, 0x00000000d5580000)
  object space 68608K, 40% used [0x0000000080000000,0x0000000081acf418,0x0000000084300000)
 Metaspace       used 34923K, committed 35904K, reserved 1114112K
  class space    used 3563K, committed 3968K, reserved 1048576K
}
Event: 3.826 GC heap after
{Heap after GC invocations=18 (full 1):
 PSYoungGen      total 20992K, used 905K [0x00000000d5580000, 0x00000000d6c00000, 0x0000000100000000)
  eden space 19968K, 0% used [0x00000000d5580000,0x00000000d5580000,0x00000000d6900000)
  from space 1024K, 88% used [0x00000000d6900000,0x00000000d69e2460,0x00000000d6a00000)
  to   space 1536K, 0% used [0x00000000d6a80000,0x00000000d6a80000,0x00000000d6c00000)
 ParOldGen       total 68608K, used 29434K [0x0000000080000000, 0x0000000084300000, 0x00000000d5580000)
  object space 68608K, 42% used [0x0000000080000000,0x0000000081cbe970,0x0000000084300000)
 Metaspace       used 34923K, committed 35904K, reserved 1114112K
  class space    used 3563K, committed 3968K, reserved 1048576K
}
Event: 3.844 GC heap before
{Heap before GC invocations=19 (full 1):
 PSYoungGen      total 20992K, used 2220K [0x00000000d5580000, 0x00000000d6c00000, 0x0000000100000000)
  eden space 19968K, 6% used [0x00000000d5580000,0x00000000d56c8f48,0x00000000d6900000)
  from space 1024K, 88% used [0x00000000d6900000,0x00000000d69e2460,0x00000000d6a00000)
  to   space 1536K, 0% used [0x00000000d6a80000,0x00000000d6a80000,0x00000000d6c00000)
 ParOldGen       total 68608K, used 29434K [0x0000000080000000, 0x0000000084300000, 0x00000000d5580000)
  object space 68608K, 42% used [0x0000000080000000,0x0000000081cbe970,0x0000000084300000)
 Metaspace       used 35180K, committed 36160K, reserved 1114112K
  class space    used 3580K, committed 4032K, reserved 1048576K
}
Event: 3.845 GC heap after
{Heap after GC invocations=19 (full 1):
 PSYoungGen      total 20480K, used 384K [0x00000000d5580000, 0x00000000d6b00000, 0x0000000100000000)
  eden space 19968K, 0% used [0x00000000d5580000,0x00000000d5580000,0x00000000d6900000)
  from space 512K, 75% used [0x00000000d6a80000,0x00000000d6ae0020,0x00000000d6b00000)
  to   space 1024K, 0% used [0x00000000d6900000,0x00000000d6900000,0x00000000d6a00000)
 ParOldGen       total 68608K, used 30166K [0x0000000080000000, 0x0000000084300000, 0x00000000d5580000)
  object space 68608K, 43% used [0x0000000080000000,0x0000000081d75bf8,0x0000000084300000)
 Metaspace       used 35180K, committed 36160K, reserved 1114112K
  class space    used 3580K, committed 4032K, reserved 1048576K
}
Event: 3.845 GC heap before
{Heap before GC invocations=20 (full 2):
 PSYoungGen      total 20480K, used 384K [0x00000000d5580000, 0x00000000d6b00000, 0x0000000100000000)
  eden space 19968K, 0% used [0x00000000d5580000,0x00000000d5580000,0x00000000d6900000)
  from space 512K, 75% used [0x00000000d6a80000,0x00000000d6ae0020,0x00000000d6b00000)
  to   space 1024K, 0% used [0x00000000d6900000,0x00000000d6900000,0x00000000d6a00000)
 ParOldGen       total 68608K, used 30166K [0x0000000080000000, 0x0000000084300000, 0x00000000d5580000)
  object space 68608K, 43% used [0x0000000080000000,0x0000000081d75bf8,0x0000000084300000)
 Metaspace       used 35180K, committed 36160K, reserved 1114112K
  class space    used 3580K, committed 4032K, reserved 1048576K
}
Event: 3.881 GC heap after
{Heap after GC invocations=20 (full 2):
 PSYoungGen      total 20480K, used 0K [0x00000000d5580000, 0x00000000d6b00000, 0x0000000100000000)
  eden space 19968K, 0% used [0x00000000d5580000,0x00000000d5580000,0x00000000d6900000)
  from space 512K, 0% used [0x00000000d6a80000,0x00000000d6a80000,0x00000000d6b00000)
  to   space 1024K, 0% used [0x00000000d6900000,0x00000000d6900000,0x00000000d6a00000)
 ParOldGen       total 68608K, used 28407K [0x0000000080000000, 0x0000000084300000, 0x00000000d5580000)
  object space 68608K, 41% used [0x0000000080000000,0x0000000081bbdc40,0x0000000084300000)
 Metaspace       used 35159K, committed 36160K, reserved 1114112K
  class space    used 3574K, committed 4032K, reserved 1048576K
}
Event: 4.231 GC heap before
{Heap before GC invocations=21 (full 2):
 PSYoungGen      total 20480K, used 19968K [0x00000000d5580000, 0x00000000d6b00000, 0x0000000100000000)
  eden space 19968K, 100% used [0x00000000d5580000,0x00000000d6900000,0x00000000d6900000)
  from space 512K, 0% used [0x00000000d6a80000,0x00000000d6a80000,0x00000000d6b00000)
  to   space 1024K, 0% used [0x00000000d6900000,0x00000000d6900000,0x00000000d6a00000)
 ParOldGen       total 68608K, used 28407K [0x0000000080000000, 0x0000000084300000, 0x00000000d5580000)
  object space 68608K, 41% used [0x0000000080000000,0x0000000081bbdc40,0x0000000084300000)
 Metaspace       used 36521K, committed 37504K, reserved 1114112K
  class space    used 3706K, committed 4160K, reserved 1048576K
}
Event: 4.232 GC heap after
{Heap after GC invocations=21 (full 2):
 PSYoungGen      total 20992K, used 480K [0x00000000d5580000, 0x00000000d6b00000, 0x0000000100000000)
  eden space 19968K, 0% used [0x00000000d5580000,0x00000000d5580000,0x00000000d6900000)
  from space 1024K, 46% used [0x00000000d6900000,0x00000000d6978000,0x00000000d6a00000)
  to   space 512K, 0% used [0x00000000d6a80000,0x00000000d6a80000,0x00000000d6b00000)
 ParOldGen       total 68608K, used 28415K [0x0000000080000000, 0x0000000084300000, 0x00000000d5580000)
  object space 68608K, 41% used [0x0000000080000000,0x0000000081bbfc40,0x0000000084300000)
 Metaspace       used 36521K, committed 37504K, reserved 1114112K
  class space    used 3706K, committed 4160K, reserved 1048576K
}
Event: 4.529 GC heap before
{Heap before GC invocations=22 (full 2):
 PSYoungGen      total 20992K, used 20448K [0x00000000d5580000, 0x00000000d6b00000, 0x0000000100000000)
  eden space 19968K, 100% used [0x00000000d5580000,0x00000000d6900000,0x00000000d6900000)
  from space 1024K, 46% used [0x00000000d6900000,0x00000000d6978000,0x00000000d6a00000)
  to   space 512K, 0% used [0x00000000d6a80000,0x00000000d6a80000,0x00000000d6b00000)
 ParOldGen       total 68608K, used 28415K [0x0000000080000000, 0x0000000084300000, 0x00000000d5580000)
  object space 68608K, 41% used [0x0000000080000000,0x0000000081bbfc40,0x0000000084300000)
 Metaspace       used 38207K, committed 39168K, reserved 1114112K
  class space    used 3884K, committed 4288K, reserved 1048576K
}
Event: 4.530 GC heap after
{Heap after GC invocations=22 (full 2):
 PSYoungGen      total 19456K, used 503K [0x00000000d5580000, 0x00000000d6e00000, 0x0000000100000000)
  eden space 18944K, 0% used [0x00000000d5580000,0x00000000d5580000,0x00000000d6800000)
  from space 512K, 98% used [0x00000000d6a80000,0x00000000d6afdc10,0x00000000d6b00000)
  to   space 2560K, 0% used [0x00000000d6800000,0x00000000d6800000,0x00000000d6a80000)
 ParOldGen       total 68608K, used 29917K [0x0000000080000000, 0x0000000084300000, 0x00000000d5580000)
  object space 68608K, 43% used [0x0000000080000000,0x0000000081d37558,0x0000000084300000)
 Metaspace       used 38207K, committed 39168K, reserved 1114112K
  class space    used 3884K, committed 4288K, reserved 1048576K
}
Event: 4.602 GC heap before
{Heap before GC invocations=23 (full 2):
 PSYoungGen      total 19456K, used 19447K [0x00000000d5580000, 0x00000000d6e00000, 0x0000000100000000)
  eden space 18944K, 100% used [0x00000000d5580000,0x00000000d6800000,0x00000000d6800000)
  from space 512K, 98% used [0x00000000d6a80000,0x00000000d6afdc10,0x00000000d6b00000)
  to   space 2560K, 0% used [0x00000000d6800000,0x00000000d6800000,0x00000000d6a80000)
 ParOldGen       total 68608K, used 29917K [0x0000000080000000, 0x0000000084300000, 0x00000000d5580000)
  object space 68608K, 43% used [0x0000000080000000,0x0000000081d37558,0x0000000084300000)
 Metaspace       used 38341K, committed 39360K, reserved 1114112K
  class space    used 3897K, committed 4352K, reserved 1048576K
}
Event: 4.603 GC heap after
{Heap after GC invocations=23 (full 2):
 PSYoungGen      total 20480K, used 1170K [0x00000000d5580000, 0x00000000d6b00000, 0x0000000100000000)
  eden space 18944K, 0% used [0x00000000d5580000,0x00000000d5580000,0x00000000d6800000)
  from space 1536K, 76% used [0x00000000d6800000,0x00000000d6924bc8,0x00000000d6980000)
  to   space 1536K, 0% used [0x00000000d6980000,0x00000000d6980000,0x00000000d6b00000)
 ParOldGen       total 68608K, used 30245K [0x0000000080000000, 0x0000000084300000, 0x00000000d5580000)
  object space 68608K, 44% used [0x0000000080000000,0x0000000081d89558,0x0000000084300000)
 Metaspace       used 38341K, committed 39360K, reserved 1114112K
  class space    used 3897K, committed 4352K, reserved 1048576K
}
Event: 4.662 GC heap before
{Heap before GC invocations=24 (full 2):
 PSYoungGen      total 20480K, used 20114K [0x00000000d5580000, 0x00000000d6b00000, 0x0000000100000000)
  eden space 18944K, 100% used [0x00000000d5580000,0x00000000d6800000,0x00000000d6800000)
  from space 1536K, 76% used [0x00000000d6800000,0x00000000d6924bc8,0x00000000d6980000)
  to   space 1536K, 0% used [0x00000000d6980000,0x00000000d6980000,0x00000000d6b00000)
 ParOldGen       total 68608K, used 30245K [0x0000000080000000, 0x0000000084300000, 0x00000000d5580000)
  object space 68608K, 44% used [0x0000000080000000,0x0000000081d89558,0x0000000084300000)
 Metaspace       used 39110K, committed 40128K, reserved 1114112K
  class space    used 3960K, committed 4416K, reserved 1048576K
}
Event: 4.663 GC heap after
{Heap after GC invocations=24 (full 2):
 PSYoungGen      total 19456K, used 224K [0x00000000d5580000, 0x00000000d6a00000, 0x0000000100000000)
  eden space 18944K, 0% used [0x00000000d5580000,0x00000000d5580000,0x00000000d6800000)
  from space 512K, 43% used [0x00000000d6980000,0x00000000d69b8000,0x00000000d6a00000)
  to   space 1024K, 0% used [0x00000000d6800000,0x00000000d6800000,0x00000000d6900000)
 ParOldGen       total 68608K, used 30526K [0x0000000080000000, 0x0000000084300000, 0x00000000d5580000)
  object space 68608K, 44% used [0x0000000080000000,0x0000000081dcf998,0x0000000084300000)
 Metaspace       used 39110K, committed 40128K, reserved 1114112K
  class space    used 3960K, committed 4416K, reserved 1048576K
}
Event: 5.873 GC heap before
{Heap before GC invocations=25 (full 2):
 PSYoungGen      total 19456K, used 19168K [0x00000000d5580000, 0x00000000d6a00000, 0x0000000100000000)
  eden space 18944K, 100% used [0x00000000d5580000,0x00000000d6800000,0x00000000d6800000)
  from space 512K, 43% used [0x00000000d6980000,0x00000000d69b8000,0x00000000d6a00000)
  to   space 1024K, 0% used [0x00000000d6800000,0x00000000d6800000,0x00000000d6900000)
 ParOldGen       total 68608K, used 30526K [0x0000000080000000, 0x0000000084300000, 0x00000000d5580000)
  object space 68608K, 44% used [0x0000000080000000,0x0000000081dcf998,0x0000000084300000)
 Metaspace       used 41338K, committed 42432K, reserved 1114112K
  class space    used 4203K, committed 4672K, reserved 1048576K
}
Event: 5.874 GC heap after
{Heap after GC invocations=25 (full 2):
 PSYoungGen      total 19968K, used 1006K [0x00000000d5580000, 0x00000000d6b00000, 0x0000000100000000)
  eden space 18944K, 0% used [0x00000000d5580000,0x00000000d5580000,0x00000000d6800000)
  from space 1024K, 98% used [0x00000000d6800000,0x00000000d68fba70,0x00000000d6900000)
  to   space 1536K, 0% used [0x00000000d6980000,0x00000000d6980000,0x00000000d6b00000)
 ParOldGen       total 68608K, used 30771K [0x0000000080000000, 0x0000000084300000, 0x00000000d5580000)
  object space 68608K, 44% used [0x0000000080000000,0x0000000081e0cc30,0x0000000084300000)
 Metaspace       used 41338K, committed 42432K, reserved 1114112K
  class space    used 4203K, committed 4672K, reserved 1048576K
}
Event: 6.065 GC heap before
{Heap before GC invocations=26 (full 2):
 PSYoungGen      total 19968K, used 19950K [0x00000000d5580000, 0x00000000d6b00000, 0x0000000100000000)
  eden space 18944K, 99% used [0x00000000d5580000,0x00000000d67fffd8,0x00000000d6800000)
  from space 1024K, 98% used [0x00000000d6800000,0x00000000d68fba70,0x00000000d6900000)
  to   space 1536K, 0% used [0x00000000d6980000,0x00000000d6980000,0x00000000d6b00000)
 ParOldGen       total 68608K, used 30771K [0x0000000080000000, 0x0000000084300000, 0x00000000d5580000)
  object space 68608K, 44% used [0x0000000080000000,0x0000000081e0cc30,0x0000000084300000)
 Metaspace       used 42105K, committed 43200K, reserved 1114112K
  class space    used 4286K, committed 4736K, reserved 1048576K
}
Event: 6.068 GC heap after
{Heap after GC invocations=26 (full 2):
 PSYoungGen      total 19968K, used 896K [0x00000000d5580000, 0x00000000d6a80000, 0x0000000100000000)
  eden space 18944K, 0% used [0x00000000d5580000,0x00000000d5580000,0x00000000d6800000)
  from space 1024K, 87% used [0x00000000d6980000,0x00000000d6a60000,0x00000000d6a80000)
  to   space 1024K, 0% used [0x00000000d6800000,0x00000000d6800000,0x00000000d6900000)
 ParOldGen       total 68608K, used 31738K [0x0000000080000000, 0x0000000084300000, 0x00000000d5580000)
  object space 68608K, 46% used [0x0000000080000000,0x0000000081efeab0,0x0000000084300000)
 Metaspace       used 42105K, committed 43200K, reserved 1114112K
  class space    used 4286K, committed 4736K, reserved 1048576K
}
Event: 9.421 GC heap before
{Heap before GC invocations=27 (full 2):
 PSYoungGen      total 19968K, used 19840K [0x00000000d5580000, 0x00000000d6a80000, 0x0000000100000000)
  eden space 18944K, 100% used [0x00000000d5580000,0x00000000d6800000,0x00000000d6800000)
  from space 1024K, 87% used [0x00000000d6980000,0x00000000d6a60000,0x00000000d6a80000)
  to   space 1024K, 0% used [0x00000000d6800000,0x00000000d6800000,0x00000000d6900000)
 ParOldGen       total 68608K, used 31738K [0x0000000080000000, 0x0000000084300000, 0x00000000d5580000)
  object space 68608K, 46% used [0x0000000080000000,0x0000000081efeab0,0x0000000084300000)
 Metaspace       used 42736K, committed 43840K, reserved 1114112K
  class space    used 4345K, committed 4864K, reserved 1048576K
}
Event: 9.423 GC heap after
{Heap after GC invocations=27 (full 2):
 PSYoungGen      total 19968K, used 704K [0x00000000d5580000, 0x00000000d6a00000, 0x0000000100000000)
  eden space 18944K, 0% used [0x00000000d5580000,0x00000000d5580000,0x00000000d6800000)
  from space 1024K, 68% used [0x00000000d6800000,0x00000000d68b0000,0x00000000d6900000)
  to   space 1024K, 0% used [0x00000000d6900000,0x00000000d6900000,0x00000000d6a00000)
 ParOldGen       total 68608K, used 32484K [0x0000000080000000, 0x0000000084300000, 0x00000000d5580000)
  object space 68608K, 47% used [0x0000000080000000,0x0000000081fb93a8,0x0000000084300000)
 Metaspace       used 42736K, committed 43840K, reserved 1114112K
  class space    used 4345K, committed 4864K, reserved 1048576K
}

